<?xml version="1.0" encoding="UTF-8"?>
<!-- Generated by org.testng.reporters.JUnitXMLReporter -->
<testsuite hostname="LAPTOP-1BCJRB17" ignored="0" name="Test" tests="4" failures="0" timestamp="15 Oct 2019 05:08:47 GMT" time="543.601" errors="0">
  <testcase name="brokenLinktest" time="142.427" classname="com.AutDemo.BrokenLinks"/>
  <testcase name="bookCruise" time="181.526" classname="com.AutDemo.CruisesBooking"/>
  <testcase name="bookflight" time="57.023" classname="com.AutDemo.ToursBooking"/>
  <testcase name="selectFlight" time="44.035" classname="com.AutDemo.ToursBooking"/>
</testsuite> <!-- Test -->
